<?xml version="1.0" encoding="UTF-8"?>
<coverage generated="1562129691848" clover="3.2.0">
  <project timestamp="1562129691848" name="All files">
    <metrics statements="28" coveredstatements="28" conditionals="19" coveredconditionals="19" methods="8" coveredmethods="8" elements="55" coveredelements="55" complexity="0" loc="28" ncloc="28" packages="1" files="2" classes="2"/>
    <file name="_dict.js" path="/mnt/e/projects/pinyinjs/src/_dict.js">
      <metrics statements="1" coveredstatements="1" conditionals="0" coveredconditionals="0" methods="0" coveredmethods="0"/>
      <line num="1" count="1" type="stmt"/>
    </file>
    <file name="main.js" path="/mnt/e/projects/pinyinjs/src/main.js">
      <metrics statements="27" coveredstatements="27" conditionals="19" coveredconditionals="19" methods="8" coveredmethods="8"/>
      <line num="3" count="1" type="stmt"/>
      <line num="36" count="1" type="stmt"/>
      <line num="37" count="7" type="cond" truecount="2" falsecount="0"/>
      <line num="38" count="7" type="cond" truecount="2" falsecount="0"/>
      <line num="39" count="38" type="stmt"/>
      <line num="40" count="7" type="cond" truecount="5" falsecount="0"/>
      <line num="41" count="4" type="stmt"/>
      <line num="43" count="3" type="stmt"/>
      <line num="46" count="1" type="stmt"/>
      <line num="47" count="3" type="cond" truecount="2" falsecount="0"/>
      <line num="48" count="1" type="stmt"/>
      <line num="50" count="2" type="stmt"/>
      <line num="54" count="8" type="stmt"/>
      <line num="55" count="32" type="stmt"/>
      <line num="56" count="32" type="cond" truecount="2" falsecount="0"/>
      <line num="57" count="8" type="stmt"/>
      <line num="58" count="8" type="stmt"/>
      <line num="60" count="24" type="stmt"/>
      <line num="63" count="8" type="cond" truecount="2" falsecount="0"/>
      <line num="64" count="4" type="stmt"/>
      <line num="66" count="8" type="stmt"/>
      <line num="70" count="6" type="stmt"/>
      <line num="71" count="15" type="cond" truecount="2" falsecount="0"/>
      <line num="72" count="3" type="stmt"/>
      <line num="74" count="12" type="cond" truecount="2" falsecount="0"/>
      <line num="75" count="4" type="stmt"/>
      <line num="77" count="8" type="stmt"/>
    </file>
  </project>
</coverage>
