<?xml version="1.0" encoding="UTF-8"?>
<coverage generated="1610550920920" clover="3.2.0">
  <project timestamp="1610550920920" name="All files">
    <metrics statements="30" coveredstatements="30" conditionals="42" coveredconditionals="23" methods="17" coveredmethods="13" elements="89" coveredelements="66" complexity="0" loc="30" ncloc="30" packages="2" files="3" classes="3"/>
    <package name="dist.umd">
      <metrics statements="1" coveredstatements="1" conditionals="23" coveredconditionals="4" methods="9" coveredmethods="5"/>
      <file name="main.js" path="F:\projects\pinyinjs\dist\umd\main.js">
        <metrics statements="1" coveredstatements="1" conditionals="23" coveredconditionals="4" methods="9" coveredmethods="5"/>
        <line num="1" count="9" type="cond" truecount="4" falsecount="19"/>
      </file>
    </package>
    <package name="src">
      <metrics statements="29" coveredstatements="29" conditionals="19" coveredconditionals="19" methods="8" coveredmethods="8"/>
      <file name="_dict.js" path="F:\projects\pinyinjs\src\_dict.js">
        <metrics statements="1" coveredstatements="1" conditionals="0" coveredconditionals="0" methods="0" coveredmethods="0"/>
        <line num="1" count="1" type="stmt"/>
      </file>
      <file name="main.js" path="F:\projects\pinyinjs\src\main.js">
        <metrics statements="28" coveredstatements="28" conditionals="19" coveredconditionals="19" methods="8" coveredmethods="8"/>
        <line num="3" count="1" type="stmt"/>
        <line num="36" count="1" type="stmt"/>
        <line num="37" count="8" type="cond" truecount="2" falsecount="0"/>
        <line num="38" count="8" type="cond" truecount="2" falsecount="0"/>
        <line num="39" count="39" type="stmt"/>
        <line num="40" count="8" type="cond" truecount="5" falsecount="0"/>
        <line num="41" count="4" type="stmt"/>
        <line num="43" count="4" type="stmt"/>
        <line num="46" count="1" type="stmt"/>
        <line num="47" count="3" type="cond" truecount="2" falsecount="0"/>
        <line num="48" count="1" type="stmt"/>
        <line num="50" count="2" type="stmt"/>
        <line num="53" count="10" type="stmt"/>
        <line num="54" count="10" type="stmt"/>
        <line num="55" count="37" type="stmt"/>
        <line num="56" count="37" type="cond" truecount="2" falsecount="0"/>
        <line num="57" count="10" type="stmt"/>
        <line num="58" count="10" type="stmt"/>
        <line num="60" count="27" type="stmt"/>
        <line num="63" count="10" type="cond" truecount="2" falsecount="0"/>
        <line num="64" count="4" type="stmt"/>
        <line num="66" count="10" type="stmt"/>
        <line num="70" count="8" type="stmt"/>
        <line num="71" count="18" type="cond" truecount="2" falsecount="0"/>
        <line num="72" count="4" type="stmt"/>
        <line num="74" count="14" type="cond" truecount="2" falsecount="0"/>
        <line num="75" count="4" type="stmt"/>
        <line num="77" count="10" type="stmt"/>
      </file>
    </package>
  </project>
</coverage>
