{"F:\\projects\\pinyinjs\\dist\\umd\\main.js": {"path":"F:\\projects\\pinyinjs\\dist\\umd\\main.js","statementMap":{"0":{"start":{"line":1,"column":0},"end":{"line":1,"column":240057}},"1":{"start":{"line":1,"column":15},"end":{"line":1,"column":159}},"2":{"start":{"line":1,"column":198},"end":{"line":1,"column":239365}},"3":{"start":{"line":1,"column":239368},"end":{"line":1,"column":239662}},"4":{"start":{"line":1,"column":239663},"end":{"line":1,"column":240054}},"5":{"start":{"line":1,"column":239697},"end":{"line":1,"column":239740}},"6":{"start":{"line":1,"column":239716},"end":{"line":1,"column":239720}},"7":{"start":{"line":1,"column":239732},"end":{"line":1,"column":239739}},"8":{"start":{"line":1,"column":239741},"end":{"line":1,"column":240051}},"9":{"start":{"line":1,"column":239779},"end":{"line":1,"column":240043}},"10":{"start":{"line":1,"column":239804},"end":{"line":1,"column":240035}},"11":{"start":{"line":1,"column":239821},"end":{"line":1,"column":239857}},"12":{"start":{"line":1,"column":239841},"end":{"line":1,"column":239857}},"13":{"start":{"line":1,"column":239858},"end":{"line":1,"column":239887}},"14":{"start":{"line":1,"column":239875},"end":{"line":1,"column":239887}},"15":{"start":{"line":1,"column":239895},"end":{"line":1,"column":239896}},"16":{"start":{"line":1,"column":239897},"end":{"line":1,"column":240032}},"17":{"start":{"line":1,"column":239961},"end":{"line":1,"column":239972}},"18":{"start":{"line":1,"column":239973},"end":{"line":1,"column":239997}}},"fnMap":{"0":{"name":"(anonymous_0)","decl":{"start":{"line":1,"column":1},"end":{"line":1,"column":2}},"loc":{"start":{"line":1,"column":14},"end":{"line":1,"column":160}},"line":1},"1":{"name":"(anonymous_1)","decl":{"start":{"line":1,"column":166},"end":{"line":1,"column":167}},"loc":{"start":{"line":1,"column":176},"end":{"line":1,"column":240055}},"line":1},"2":{"name":"(anonymous_2)","decl":{"start":{"line":1,"column":239675},"end":{"line":1,"column":239676}},"loc":{"start":{"line":1,"column":239690},"end":{"line":1,"column":240052}},"line":1},"3":{"name":"(anonymous_3)","decl":{"start":{"line":1,"column":239713},"end":{"line":1,"column":239714}},"loc":{"start":{"line":1,"column":239716},"end":{"line":1,"column":239720}},"line":1},"4":{"name":"(anonymous_4)","decl":{"start":{"line":1,"column":239729},"end":{"line":1,"column":239730}},"loc":{"start":{"line":1,"column":239732},"end":{"line":1,"column":239739}},"line":1},"5":{"name":"(anonymous_5)","decl":{"start":{"line":1,"column":239763},"end":{"line":1,"column":239764}},"loc":{"start":{"line":1,"column":239778},"end":{"line":1,"column":240044}},"line":1},"6":{"name":"n","decl":{"start":{"line":1,"column":239795},"end":{"line":1,"column":239796}},"loc":{"start":{"line":1,"column":239803},"end":{"line":1,"column":240036}},"line":1},"7":{"name":"(anonymous_7)","decl":{"start":{"line":1,"column":239817},"end":{"line":1,"column":239818}},"loc":{"start":{"line":1,"column":239820},"end":{"line":1,"column":240034}},"line":1},"8":{"name":"(anonymous_8)","decl":{"start":{"line":1,"column":239951},"end":{"line":1,"column":239952}},"loc":{"start":{"line":1,"column":239954},"end":{"line":1,"column":239998}},"line":1}},"branchMap":{"0":{"loc":{"start":{"line":1,"column":15},"end":{"line":1,"column":159}},"type":"cond-expr","locations":[{"start":{"line":1,"column":68},"end":{"line":1,"column":86}},{"start":{"line":1,"column":87},"end":{"line":1,"column":159}}],"line":1},"1":{"loc":{"start":{"line":1,"column":15},"end":{"line":1,"column":67}},"type":"binary-expr","locations":[{"start":{"line":1,"column":15},"end":{"line":1,"column":39}},{"start":{"line":1,"column":41},"end":{"line":1,"column":67}}],"line":1},"2":{"loc":{"start":{"line":1,"column":87},"end":{"line":1,"column":159}},"type":"cond-expr","locations":[{"start":{"line":1,"column":125},"end":{"line":1,"column":134}},{"start":{"line":1,"column":135},"end":{"line":1,"column":159}}],"line":1},"3":{"loc":{"start":{"line":1,"column":87},"end":{"line":1,"column":124}},"type":"binary-expr","locations":[{"start":{"line":1,"column":87},"end":{"line":1,"column":112}},{"start":{"line":1,"column":114},"end":{"line":1,"column":124}}],"line":1},"4":{"loc":{"start":{"line":1,"column":138},"end":{"line":1,"column":145}},"type":"binary-expr","locations":[{"start":{"line":1,"column":138},"end":{"line":1,"column":139}},{"start":{"line":1,"column":141},"end":{"line":1,"column":145}}],"line":1},"5":{"loc":{"start":{"line":1,"column":239748},"end":{"line":1,"column":240051}},"type":"cond-expr","locations":[{"start":{"line":1,"column":239761},"end":{"line":1,"column":239762}},{"start":{"line":1,"column":239763},"end":{"line":1,"column":240051}}],"line":1},"6":{"loc":{"start":{"line":1,"column":239821},"end":{"line":1,"column":239857}},"type":"if","locations":[{"start":{"line":1,"column":239821},"end":{"line":1,"column":239857}},{"start":{"line":1,"column":239821},"end":{"line":1,"column":239857}}],"line":1},"7":{"loc":{"start":{"line":1,"column":239858},"end":{"line":1,"column":239887}},"type":"if","locations":[{"start":{"line":1,"column":239858},"end":{"line":1,"column":239887}},{"start":{"line":1,"column":239858},"end":{"line":1,"column":239887}}],"line":1},"8":{"loc":{"start":{"line":1,"column":239904},"end":{"line":1,"column":240009}},"type":"binary-expr","locations":[{"start":{"line":1,"column":239904},"end":{"line":1,"column":239916}},{"start":{"line":1,"column":239918},"end":{"line":1,"column":239930}},{"start":{"line":1,"column":239933},"end":{"line":1,"column":240008}}],"line":1},"9":{"loc":{"start":{"line":1,"column":239980},"end":{"line":1,"column":239997}},"type":"cond-expr","locations":[{"start":{"line":1,"column":239983},"end":{"line":1,"column":239994}},{"start":{"line":1,"column":239996},"end":{"line":1,"column":239997}}],"line":1},"10":{"loc":{"start":{"line":1,"column":240010},"end":{"line":1,"column":240030}},"type":"binary-expr","locations":[{"start":{"line":1,"column":240010},"end":{"line":1,"column":240022}},{"start":{"line":1,"column":240025},"end":{"line":1,"column":240029}}],"line":1}},"s":{"0":1,"1":1,"2":1,"3":1,"4":1,"5":1,"6":9,"7":9,"8":1,"9":0,"10":0,"11":0,"12":0,"13":0,"14":0,"15":0,"16":0,"17":0,"18":0},"f":{"0":1,"1":1,"2":1,"3":9,"4":9,"5":0,"6":0,"7":0,"8":0},"b":{"0":[1,0],"1":[1,1],"2":[0,0],"3":[0,0],"4":[0,0],"5":[1,0],"6":[0,0],"7":[0,0],"8":[0,0,0],"9":[0,0],"10":[0,0]},"_coverageSchema":"1a1c01bbd47fc00a2c39e90264f33305004495a9","hash":"4510ba3096acda6fc554fb6a1f59c5a63187b896"}
,"F:\\projects\\pinyinjs\\src\\_dict.js": {"path":"F:\\projects\\pinyinjs\\src\\_dict.js","statementMap":{"0":{"start":{"line":1,"column":20},"end":{"line":20905,"column":1}}},"fnMap":{},"branchMap":{},"s":{"0":1},"f":{},"b":{},"_coverageSchema":"1a1c01bbd47fc00a2c39e90264f33305004495a9","hash":"89ef13071c1452b179d380014cbd65d97ff31e6f"}
,"F:\\projects\\pinyinjs\\src\\main.js": {"path":"F:\\projects\\pinyinjs\\src\\main.js","statementMap":{"0":{"start":{"line":3,"column":17},"end":{"line":34,"column":1}},"1":{"start":{"line":36,"column":0},"end":{"line":44,"column":1}},"2":{"start":{"line":37,"column":2},"end":{"line":37,"column":43}},"3":{"start":{"line":38,"column":2},"end":{"line":38,"column":40}},"4":{"start":{"line":39,"column":15},"end":{"line":39,"column":71}},"5":{"start":{"line":39,"column":41},"end":{"line":39,"column":51}},"6":{"start":{"line":39,"column":66},"end":{"line":39,"column":70}},"7":{"start":{"line":40,"column":2},"end":{"line":42,"column":3}},"8":{"start":{"line":41,"column":4},"end":{"line":41,"column":17}},"9":{"start":{"line":43,"column":2},"end":{"line":43,"column":39}},"10":{"start":{"line":46,"column":0},"end":{"line":51,"column":1}},"11":{"start":{"line":47,"column":2},"end":{"line":49,"column":3}},"12":{"start":{"line":48,"column":4},"end":{"line":48,"column":16}},"13":{"start":{"line":50,"column":2},"end":{"line":50,"column":34}},"14":{"start":{"line":53,"column":13},"end":{"line":53,"column":15}},"15":{"start":{"line":54,"column":2},"end":{"line":62,"column":13}},"16":{"start":{"line":55,"column":12},"end":{"line":55,"column":38}},"17":{"start":{"line":56,"column":4},"end":{"line":61,"column":5}},"18":{"start":{"line":57,"column":6},"end":{"line":57,"column":17}},"19":{"start":{"line":58,"column":6},"end":{"line":58,"column":17}},"20":{"start":{"line":60,"column":6},"end":{"line":60,"column":19}},"21":{"start":{"line":63,"column":2},"end":{"line":65,"column":3}},"22":{"start":{"line":64,"column":4},"end":{"line":64,"column":16}},"23":{"start":{"line":66,"column":2},"end":{"line":66,"column":13}},"24":{"start":{"line":70,"column":2},"end":{"line":78,"column":4}},"25":{"start":{"line":71,"column":4},"end":{"line":73,"column":5}},"26":{"start":{"line":72,"column":6},"end":{"line":72,"column":41}},"27":{"start":{"line":74,"column":4},"end":{"line":76,"column":5}},"28":{"start":{"line":75,"column":6},"end":{"line":75,"column":20}},"29":{"start":{"line":77,"column":4},"end":{"line":77,"column":37}}},"fnMap":{"0":{"name":"(anonymous_0)","decl":{"start":{"line":36,"column":14},"end":{"line":36,"column":15}},"loc":{"start":{"line":36,"column":42},"end":{"line":44,"column":1}},"line":36},"1":{"name":"(anonymous_1)","decl":{"start":{"line":39,"column":33},"end":{"line":39,"column":34}},"loc":{"start":{"line":39,"column":41},"end":{"line":39,"column":51}},"line":39},"2":{"name":"(anonymous_2)","decl":{"start":{"line":39,"column":60},"end":{"line":39,"column":61}},"loc":{"start":{"line":39,"column":66},"end":{"line":39,"column":70}},"line":39},"3":{"name":"(anonymous_3)","decl":{"start":{"line":46,"column":19},"end":{"line":46,"column":20}},"loc":{"start":{"line":46,"column":35},"end":{"line":51,"column":1}},"line":46},"4":{"name":"replaceVowels","decl":{"start":{"line":52,"column":9},"end":{"line":52,"column":22}},"loc":{"start":{"line":52,"column":37},"end":{"line":67,"column":1}},"line":52},"5":{"name":"(anonymous_5)","decl":{"start":{"line":54,"column":28},"end":{"line":54,"column":29}},"loc":{"start":{"line":54,"column":38},"end":{"line":62,"column":3}},"line":54},"6":{"name":"transform","decl":{"start":{"line":69,"column":9},"end":{"line":69,"column":18}},"loc":{"start":{"line":69,"column":41},"end":{"line":79,"column":1}},"line":69},"7":{"name":"(anonymous_7)","decl":{"start":{"line":70,"column":20},"end":{"line":70,"column":21}},"loc":{"start":{"line":70,"column":28},"end":{"line":78,"column":3}},"line":70}},"branchMap":{"0":{"loc":{"start":{"line":37,"column":10},"end":{"line":37,"column":43}},"type":"cond-expr","locations":[{"start":{"line":37,"column":19},"end":{"line":37,"column":35}},{"start":{"line":37,"column":38},"end":{"line":37,"column":43}}],"line":37},"1":{"loc":{"start":{"line":38,"column":9},"end":{"line":38,"column":40}},"type":"cond-expr","locations":[{"start":{"line":38,"column":17},"end":{"line":38,"column":33}},{"start":{"line":38,"column":36},"end":{"line":38,"column":40}}],"line":38},"2":{"loc":{"start":{"line":40,"column":2},"end":{"line":42,"column":3}},"type":"if","locations":[{"start":{"line":40,"column":2},"end":{"line":42,"column":3}},{"start":{"line":40,"column":2},"end":{"line":42,"column":3}}],"line":40},"3":{"loc":{"start":{"line":40,"column":6},"end":{"line":40,"column":86}},"type":"binary-expr","locations":[{"start":{"line":40,"column":6},"end":{"line":40,"column":25}},{"start":{"line":40,"column":30},"end":{"line":40,"column":55}},{"start":{"line":40,"column":59},"end":{"line":40,"column":85}}],"line":40},"4":{"loc":{"start":{"line":47,"column":2},"end":{"line":49,"column":3}},"type":"if","locations":[{"start":{"line":47,"column":2},"end":{"line":49,"column":3}},{"start":{"line":47,"column":2},"end":{"line":49,"column":3}}],"line":47},"5":{"loc":{"start":{"line":56,"column":4},"end":{"line":61,"column":5}},"type":"if","locations":[{"start":{"line":56,"column":4},"end":{"line":61,"column":5}},{"start":{"line":56,"column":4},"end":{"line":61,"column":5}}],"line":56},"6":{"loc":{"start":{"line":63,"column":2},"end":{"line":65,"column":3}},"type":"if","locations":[{"start":{"line":63,"column":2},"end":{"line":65,"column":3}},{"start":{"line":63,"column":2},"end":{"line":65,"column":3}}],"line":63},"7":{"loc":{"start":{"line":71,"column":4},"end":{"line":73,"column":5}},"type":"if","locations":[{"start":{"line":71,"column":4},"end":{"line":73,"column":5}},{"start":{"line":71,"column":4},"end":{"line":73,"column":5}}],"line":71},"8":{"loc":{"start":{"line":74,"column":4},"end":{"line":76,"column":5}},"type":"if","locations":[{"start":{"line":74,"column":4},"end":{"line":76,"column":5}},{"start":{"line":74,"column":4},"end":{"line":76,"column":5}}],"line":74}},"s":{"0":1,"1":1,"2":8,"3":8,"4":8,"5":39,"6":39,"7":8,"8":4,"9":4,"10":1,"11":3,"12":1,"13":2,"14":10,"15":10,"16":37,"17":37,"18":10,"19":10,"20":27,"21":10,"22":4,"23":10,"24":8,"25":18,"26":4,"27":14,"28":4,"29":10},"f":{"0":8,"1":39,"2":39,"3":3,"4":10,"5":37,"6":8,"7":18},"b":{"0":[4,4],"1":[7,1],"2":[4,4],"3":[8,7,6],"4":[1,2],"5":[10,27],"6":[4,6],"7":[4,14],"8":[4,10]},"_coverageSchema":"1a1c01bbd47fc00a2c39e90264f33305004495a9","hash":"afaae1fbf7caf8314cf68e66a1fc76078075f639"}
}
