{"/mnt/e/projects/pinyinjs/src/_dict.js": {"path":"/mnt/e/projects/pinyinjs/src/_dict.js","statementMap":{"0":{"start":{"line":1,"column":20},"end":{"line":20905,"column":1}}},"fnMap":{},"branchMap":{},"s":{"0":1},"f":{},"b":{},"_coverageSchema":"43e27e138ebf9cfc5966b082cf9a028302ed4184","hash":"fc80e2497ba791c634371ba40d6deb00f8e016aa"}
,"/mnt/e/projects/pinyinjs/src/main.js": {"path":"/mnt/e/projects/pinyinjs/src/main.js","statementMap":{"0":{"start":{"line":3,"column":17},"end":{"line":34,"column":1}},"1":{"start":{"line":36,"column":0},"end":{"line":44,"column":1}},"2":{"start":{"line":37,"column":2},"end":{"line":37,"column":43}},"3":{"start":{"line":38,"column":2},"end":{"line":38,"column":40}},"4":{"start":{"line":39,"column":15},"end":{"line":39,"column":71}},"5":{"start":{"line":39,"column":41},"end":{"line":39,"column":51}},"6":{"start":{"line":39,"column":66},"end":{"line":39,"column":70}},"7":{"start":{"line":40,"column":2},"end":{"line":42,"column":3}},"8":{"start":{"line":41,"column":4},"end":{"line":41,"column":17}},"9":{"start":{"line":43,"column":2},"end":{"line":43,"column":39}},"10":{"start":{"line":46,"column":0},"end":{"line":51,"column":1}},"11":{"start":{"line":47,"column":2},"end":{"line":49,"column":3}},"12":{"start":{"line":48,"column":4},"end":{"line":48,"column":16}},"13":{"start":{"line":50,"column":2},"end":{"line":50,"column":34}},"14":{"start":{"line":54,"column":2},"end":{"line":62,"column":13}},"15":{"start":{"line":55,"column":12},"end":{"line":55,"column":38}},"16":{"start":{"line":56,"column":4},"end":{"line":61,"column":5}},"17":{"start":{"line":57,"column":6},"end":{"line":57,"column":17}},"18":{"start":{"line":58,"column":6},"end":{"line":58,"column":17}},"19":{"start":{"line":60,"column":6},"end":{"line":60,"column":19}},"20":{"start":{"line":63,"column":2},"end":{"line":65,"column":3}},"21":{"start":{"line":64,"column":4},"end":{"line":64,"column":16}},"22":{"start":{"line":66,"column":2},"end":{"line":66,"column":13}},"23":{"start":{"line":70,"column":2},"end":{"line":78,"column":4}},"24":{"start":{"line":71,"column":4},"end":{"line":73,"column":5}},"25":{"start":{"line":72,"column":6},"end":{"line":72,"column":41}},"26":{"start":{"line":74,"column":4},"end":{"line":76,"column":5}},"27":{"start":{"line":75,"column":6},"end":{"line":75,"column":20}},"28":{"start":{"line":77,"column":4},"end":{"line":77,"column":37}}},"fnMap":{"0":{"name":"(anonymous_0)","decl":{"start":{"line":36,"column":14},"end":{"line":36,"column":15}},"loc":{"start":{"line":36,"column":42},"end":{"line":44,"column":1}},"line":36},"1":{"name":"(anonymous_1)","decl":{"start":{"line":39,"column":33},"end":{"line":39,"column":34}},"loc":{"start":{"line":39,"column":41},"end":{"line":39,"column":51}},"line":39},"2":{"name":"(anonymous_2)","decl":{"start":{"line":39,"column":60},"end":{"line":39,"column":61}},"loc":{"start":{"line":39,"column":66},"end":{"line":39,"column":70}},"line":39},"3":{"name":"(anonymous_3)","decl":{"start":{"line":46,"column":19},"end":{"line":46,"column":20}},"loc":{"start":{"line":46,"column":35},"end":{"line":51,"column":1}},"line":46},"4":{"name":"replaceVowels","decl":{"start":{"line":52,"column":9},"end":{"line":52,"column":22}},"loc":{"start":{"line":52,"column":37},"end":{"line":67,"column":1}},"line":52},"5":{"name":"(anonymous_5)","decl":{"start":{"line":54,"column":28},"end":{"line":54,"column":29}},"loc":{"start":{"line":54,"column":38},"end":{"line":62,"column":3}},"line":54},"6":{"name":"transform","decl":{"start":{"line":69,"column":9},"end":{"line":69,"column":18}},"loc":{"start":{"line":69,"column":41},"end":{"line":79,"column":1}},"line":69},"7":{"name":"(anonymous_7)","decl":{"start":{"line":70,"column":20},"end":{"line":70,"column":21}},"loc":{"start":{"line":70,"column":28},"end":{"line":78,"column":3}},"line":70}},"branchMap":{"0":{"loc":{"start":{"line":37,"column":10},"end":{"line":37,"column":43}},"type":"cond-expr","locations":[{"start":{"line":37,"column":19},"end":{"line":37,"column":35}},{"start":{"line":37,"column":38},"end":{"line":37,"column":43}}],"line":37},"1":{"loc":{"start":{"line":38,"column":9},"end":{"line":38,"column":40}},"type":"cond-expr","locations":[{"start":{"line":38,"column":17},"end":{"line":38,"column":33}},{"start":{"line":38,"column":36},"end":{"line":38,"column":40}}],"line":38},"2":{"loc":{"start":{"line":40,"column":2},"end":{"line":42,"column":3}},"type":"if","locations":[{"start":{"line":40,"column":2},"end":{"line":42,"column":3}},{"start":{"line":40,"column":2},"end":{"line":42,"column":3}}],"line":40},"3":{"loc":{"start":{"line":40,"column":6},"end":{"line":40,"column":86}},"type":"binary-expr","locations":[{"start":{"line":40,"column":6},"end":{"line":40,"column":25}},{"start":{"line":40,"column":30},"end":{"line":40,"column":55}},{"start":{"line":40,"column":59},"end":{"line":40,"column":85}}],"line":40},"4":{"loc":{"start":{"line":47,"column":2},"end":{"line":49,"column":3}},"type":"if","locations":[{"start":{"line":47,"column":2},"end":{"line":49,"column":3}},{"start":{"line":47,"column":2},"end":{"line":49,"column":3}}],"line":47},"5":{"loc":{"start":{"line":56,"column":4},"end":{"line":61,"column":5}},"type":"if","locations":[{"start":{"line":56,"column":4},"end":{"line":61,"column":5}},{"start":{"line":56,"column":4},"end":{"line":61,"column":5}}],"line":56},"6":{"loc":{"start":{"line":63,"column":2},"end":{"line":65,"column":3}},"type":"if","locations":[{"start":{"line":63,"column":2},"end":{"line":65,"column":3}},{"start":{"line":63,"column":2},"end":{"line":65,"column":3}}],"line":63},"7":{"loc":{"start":{"line":71,"column":4},"end":{"line":73,"column":5}},"type":"if","locations":[{"start":{"line":71,"column":4},"end":{"line":73,"column":5}},{"start":{"line":71,"column":4},"end":{"line":73,"column":5}}],"line":71},"8":{"loc":{"start":{"line":74,"column":4},"end":{"line":76,"column":5}},"type":"if","locations":[{"start":{"line":74,"column":4},"end":{"line":76,"column":5}},{"start":{"line":74,"column":4},"end":{"line":76,"column":5}}],"line":74}},"s":{"0":1,"1":1,"2":7,"3":7,"4":7,"5":38,"6":38,"7":7,"8":4,"9":3,"10":1,"11":3,"12":1,"13":2,"14":8,"15":32,"16":32,"17":8,"18":8,"19":24,"20":8,"21":4,"22":8,"23":6,"24":15,"25":3,"26":12,"27":4,"28":8},"f":{"0":7,"1":38,"2":38,"3":3,"4":8,"5":32,"6":6,"7":15},"b":{"0":[4,3],"1":[6,1],"2":[4,3],"3":[7,6,5],"4":[1,2],"5":[8,24],"6":[4,4],"7":[3,12],"8":[4,8]},"_coverageSchema":"43e27e138ebf9cfc5966b082cf9a028302ed4184","hash":"802eb7ba7e2940b2f014a4cc56eb34ccd78908e5"}
}
