TN:
SF:/mnt/e/projects/pinyinjs/src/_dict.js
FNF:0
FNH:0
DA:1,1
LF:1
LH:1
BRF:0
BRH:0
end_of_record
TN:
SF:/mnt/e/projects/pinyinjs/src/main.js
FN:36,(anonymous_0)
FN:39,(anonymous_1)
FN:39,(anonymous_2)
FN:46,(anonymous_3)
FN:52,replaceVowels
FN:54,(anonymous_5)
FN:69,transform
FN:70,(anonymous_7)
FNF:8
FNH:8
FNDA:7,(anonymous_0)
FNDA:38,(anonymous_1)
FNDA:38,(anonymous_2)
FNDA:3,(anonymous_3)
FNDA:8,replaceVowels
FNDA:32,(anonymous_5)
FNDA:6,transform
FNDA:15,(anonymous_7)
DA:3,1
DA:36,1
DA:37,7
DA:38,7
DA:39,38
DA:40,7
DA:41,4
DA:43,3
DA:46,1
DA:47,3
DA:48,1
DA:50,2
DA:54,8
DA:55,32
DA:56,32
DA:57,8
DA:58,8
DA:60,24
DA:63,8
DA:64,4
DA:66,8
DA:70,6
DA:71,15
DA:72,3
DA:74,12
DA:75,4
DA:77,8
LF:27
LH:27
BRDA:37,0,0,4
BRDA:37,0,1,3
BRDA:38,1,0,6
BRDA:38,1,1,1
BRDA:40,2,0,4
BRDA:40,2,1,3
BRDA:40,3,0,7
BRDA:40,3,1,6
BRDA:40,3,2,5
BRDA:47,4,0,1
BRDA:47,4,1,2
BRDA:56,5,0,8
BRDA:56,5,1,24
BRDA:63,6,0,4
BRDA:63,6,1,4
BRDA:71,7,0,3
BRDA:71,7,1,12
BRDA:74,8,0,4
BRDA:74,8,1,8
BRF:19
BRH:19
end_of_record
