TN:
SF:dist\umd\main.js
FN:1,(anonymous_0)
FN:1,(anonymous_1)
FN:1,(anonymous_2)
FN:1,(anonymous_3)
FN:1,(anonymous_4)
FN:1,(anonymous_5)
FN:1,n
FN:1,(anonymous_7)
FN:1,(anonymous_8)
FNF:9
FNH:5
FNDA:1,(anonymous_0)
FNDA:1,(anonymous_1)
FNDA:1,(anonymous_2)
FNDA:9,(anonymous_3)
FNDA:9,(anonymous_4)
FNDA:0,(anonymous_5)
FNDA:0,n
FNDA:0,(anonymous_7)
FNDA:0,(anonymous_8)
DA:1,9
LF:1
LH:1
BRDA:1,0,0,1
BRDA:1,0,1,0
BRDA:1,1,0,1
BRDA:1,1,1,1
BRDA:1,2,0,0
BRDA:1,2,1,0
BRDA:1,3,0,0
BRDA:1,3,1,0
BRDA:1,4,0,0
BRDA:1,4,1,0
BRDA:1,5,0,1
BRDA:1,5,1,0
BRDA:1,6,0,0
BRDA:1,6,1,0
BRDA:1,7,0,0
BRDA:1,7,1,0
BRDA:1,8,0,0
BRDA:1,8,1,0
BRDA:1,8,2,0
BRDA:1,9,0,0
BRDA:1,9,1,0
BRDA:1,10,0,0
BRDA:1,10,1,0
BRF:23
BRH:4
end_of_record
TN:
SF:src\_dict.js
FNF:0
FNH:0
DA:1,1
LF:1
LH:1
BRF:0
BRH:0
end_of_record
TN:
SF:src\main.js
FN:36,(anonymous_0)
FN:39,(anonymous_1)
FN:39,(anonymous_2)
FN:46,(anonymous_3)
FN:52,replaceVowels
FN:54,(anonymous_5)
FN:69,transform
FN:70,(anonymous_7)
FNF:8
FNH:8
FNDA:8,(anonymous_0)
FNDA:39,(anonymous_1)
FNDA:39,(anonymous_2)
FNDA:3,(anonymous_3)
FNDA:10,replaceVowels
FNDA:37,(anonymous_5)
FNDA:8,transform
FNDA:18,(anonymous_7)
DA:3,1
DA:36,1
DA:37,8
DA:38,8
DA:39,39
DA:40,8
DA:41,4
DA:43,4
DA:46,1
DA:47,3
DA:48,1
DA:50,2
DA:53,10
DA:54,10
DA:55,37
DA:56,37
DA:57,10
DA:58,10
DA:60,27
DA:63,10
DA:64,4
DA:66,10
DA:70,8
DA:71,18
DA:72,4
DA:74,14
DA:75,4
DA:77,10
LF:28
LH:28
BRDA:37,0,0,4
BRDA:37,0,1,4
BRDA:38,1,0,7
BRDA:38,1,1,1
BRDA:40,2,0,4
BRDA:40,2,1,4
BRDA:40,3,0,8
BRDA:40,3,1,7
BRDA:40,3,2,6
BRDA:47,4,0,1
BRDA:47,4,1,2
BRDA:56,5,0,10
BRDA:56,5,1,27
BRDA:63,6,0,4
BRDA:63,6,1,6
BRDA:71,7,0,4
BRDA:71,7,1,14
BRDA:74,8,0,4
BRDA:74,8,1,10
BRF:19
BRH:19
end_of_record
